- QAIx Log Start -
[22/01/2018 - 19:06:23] [FORGED ALLIANCE ] [!!] Rackover is talking to me
[22/01/2018 - 19:06:23] [FORGED ALLIANCE ] [..] Reacting to [!gym <@197057271002300417>] ...
[22/01/2018 - 19:06:23] [FORGED ALLIANCE ] [..] ...after argument removal, reacting to gym[<@197057271002300417>]...
[22/01/2018 - 19:06:23] [FORGED ALLIANCE ] [OK] ...end of interaction
[22/01/2018 - 19:25:20] [FORGED ALLIANCE ] [!!] JJ173 is talking to me
[22/01/2018 - 19:25:20] [FORGED ALLIANCE ] [..] Reacting to [!gym] ...
[22/01/2018 - 19:25:20] [FORGED ALLIANCE ] [OK] ...end of interaction
[22/01/2018 - 19:37:04] [FORGED ALLIANCE ] [!!] Lancezh is talking to me
[22/01/2018 - 19:37:04] [FORGED ALLIANCE ] [..] Reacting to [!rr all] ...
[22/01/2018 - 19:37:04] [FORGED ALLIANCE ] [..] ...after argument removal, reacting to rr[all]...
[22/01/2018 - 19:37:04] [FORGED ALLIANCE ] [><] ...nothing to respond to that
[22/01/2018 - 22:48:05] [FORGED ALLIANCE ] [!!] Lancezh is talking to me
[22/01/2018 - 22:48:05] [FORGED ALLIANCE ] [..] Reacting to [!rr all] ...
[22/01/2018 - 22:48:05] [FORGED ALLIANCE ] [..] ...after argument removal, reacting to rr[all]...
[22/01/2018 - 22:48:05] [FORGED ALLIANCE ] [><] ...nothing to respond to that
[22/01/2018 - 22:48:13] [FORGED ALLIANCE ] [!!] Lancezh is talking to me
[22/01/2018 - 22:48:13] [FORGED ALLIANCE ] [..] Reacting to [!gym philipjfry] ...
[22/01/2018 - 22:48:13] [FORGED ALLIANCE ] [..] ...after argument removal, reacting to gym[philipjfry]...
[22/01/2018 - 22:48:13] [FORGED ALLIANCE ] [WW] ...failed!