
[12/01/2018 - 13:52:29] [FORGED ALLIANCE ] [><] Lancezh is not a developper, and dev-only-mode activated. Doing nothing.
[12/01/2018 - 18:36:15] [FORGED ALLIANCE ] [!!] Rackover is talking to me
[12/01/2018 - 18:36:15] [FORGED ALLIANCE ] [..] Reacting to [!aliev] ...
[12/01/2018 - 18:36:15] [FORGED ALLIANCE ] [><] ...nothing to respond to that
[12/01/2018 - 18:36:17] [FORGED ALLIANCE ] [!!] Rackover is talking to me
[12/01/2018 - 18:36:17] [FORGED ALLIANCE ] [..] Reacting to [!aliev] ...
[12/01/2018 - 18:36:17] [FORGED ALLIANCE ] [><] ...nothing to respond to that
[12/01/2018 - 18:36:20] [FORGED ALLIANCE ] [!!] Rackover is talking to me
[12/01/2018 - 18:36:20] [FORGED ALLIANCE ] [..] Reacting to [!alive] ...
[12/01/2018 - 18:36:20] [FORGED ALLIANCE ] [OK] ...end of interaction
[12/01/2018 - 19:22:50] [FORGED ALLIANCE ] [!!] Lancezh is talking to me
[12/01/2018 - 19:22:50] [FORGED ALLIANCE ] [><] Lancezh is not a developper, and dev-only-mode activated. Doing nothing.
[12/01/2018 - 19:42:29] [FORGED ALLIANCE ] [!!] AchievedJaguar8 is talking to me
[12/01/2018 - 19:42:29] [FORGED ALLIANCE ] [><] AchievedJaguar8 is not a developper, and dev-only-mode activated. Doing nothing.
[12/01/2018 - 23:27:14] [FORGED ALLIANCE ] [!!] Lancezh is talking to me
[12/01/2018 - 23:27:14] [FORGED ALLIANCE ] [><] Lancezh is not a developper, and dev-only-mode activated. Doing nothing.
[12/01/2018 - 23:27:16] [FORGED ALLIANCE ] [!!] Lancezh is talking to me
[12/01/2018 - 23:27:16] [FORGED ALLIANCE ] [><] Lancezh is not a developper, and dev-only-mode activated. Doing nothing.
[12/01/2018 - 23:59:54] [FORGED ALLIANCE ] [!!] Heartler is talking to me
[12/01/2018 - 23:59:54] [FORGED ALLIANCE ] [><] Heartler is not a developper, and dev-only-mode activated. Doing nothing.