- QAIx Log Start -
[22/01/2018 - 18:55:54] [RACKNET GAMES   ] [!!] Rackover is talking to me
[22/01/2018 - 18:55:54] [RACKNET GAMES   ] [..] Reacting to [!gym <@290060400198942722>] ...
[22/01/2018 - 18:56:18] [RACKNET GAMES   ] [!!] Rackover is talking to me
[22/01/2018 - 18:56:18] [RACKNET GAMES   ] [..] Reacting to [!gym <@290060400198942722>] ...
[22/01/2018 - 18:56:18] [RACKNET GAMES   ] [><] ...nothing to respond to that
[22/01/2018 - 18:57:42] [RACKNET GAMES   ] [!!] Rackover is talking to me
[22/01/2018 - 18:57:42] [RACKNET GAMES   ] [..] Reacting to [!gym] ...
[22/01/2018 - 18:59:21] [RACKNET GAMES   ] [!!] Rackover is talking to me
[22/01/2018 - 18:59:21] [RACKNET GAMES   ] [..] Reacting to [!gym] ...
[22/01/2018 - 18:59:21] [RACKNET GAMES   ] [OK] ...end of interaction
[22/01/2018 - 18:59:34] [RACKNET GAMES   ] [!!] Rackover is talking to me
[22/01/2018 - 18:59:34] [RACKNET GAMES   ] [..] Reacting to [!gym <@!151776431167242242>] ...
[22/01/2018 - 18:59:34] [RACKNET GAMES   ] [><] ...nothing to respond to that
[22/01/2018 - 19:00:07] [RACKNET GAMES   ] [!!] Rackover is talking to me
[22/01/2018 - 19:00:07] [RACKNET GAMES   ] [..] Reacting to [!gym <@!151776431167242242>] ...
[22/01/2018 - 19:00:07] [RACKNET GAMES   ] [><] ...nothing to respond to that
[22/01/2018 - 19:01:24] [RACKNET GAMES   ] [!!] Rackover is talking to me
[22/01/2018 - 19:01:24] [RACKNET GAMES   ] [..] Reacting to [!gym <@!151776431167242242>] ...
[22/01/2018 - 19:01:24] [RACKNET GAMES   ] [..] ...after argument removal, reacting to gy...
[22/01/2018 - 19:01:24] [RACKNET GAMES   ] [><] ...nothing to respond to that
[22/01/2018 - 19:01:57] [RACKNET GAMES   ] [!!] Rackover is talking to me
[22/01/2018 - 19:01:57] [RACKNET GAMES   ] [..] Reacting to [!gym <@!151776431167242242>] ...
[22/01/2018 - 19:01:57] [RACKNET GAMES   ] [..] ...after argument removal, reacting to gym[ <@!151776431167242242>]...
[22/01/2018 - 19:01:57] [RACKNET GAMES   ] [WW] ...failed!
[22/01/2018 - 19:02:29] [RACKNET GAMES   ] [!!] Rackover is talking to me
[22/01/2018 - 19:02:29] [RACKNET GAMES   ] [..] Reacting to [!gym <@!151776431167242242>] ...
[22/01/2018 - 19:02:29] [RACKNET GAMES   ] [..] ...after argument removal, reacting to gym[<@!151776431167242242>]...
[22/01/2018 - 19:02:29] [RACKNET GAMES   ] [WW] ...failed!
[22/01/2018 - 19:03:22] [RACKNET GAMES   ] [!!] Rackover is talking to me
[22/01/2018 - 19:03:22] [RACKNET GAMES   ] [..] Reacting to [!gym <@!151776431167242242>] ...
[22/01/2018 - 19:03:22] [RACKNET GAMES   ] [..] ...after argument removal, reacting to gym[<@!151776431167242242>]...
[22/01/2018 - 19:03:22] [RACKNET GAMES   ] [WW] ...failed!
[22/01/2018 - 19:04:13] [RACKNET GAMES   ] [!!] Rackover is talking to me
[22/01/2018 - 19:04:13] [RACKNET GAMES   ] [..] Reacting to [!gym <@!1>] ...
[22/01/2018 - 19:04:13] [RACKNET GAMES   ] [..] ...after argument removal, reacting to gym[<@!1>]...
[22/01/2018 - 19:04:13] [RACKNET GAMES   ] [WW] ...failed!
[22/01/2018 - 19:04:38] [RACKNET GAMES   ] [!!] Rackover is talking to me
[22/01/2018 - 19:04:38] [RACKNET GAMES   ] [..] Reacting to [!gym <@!1>] ...
[22/01/2018 - 19:04:38] [RACKNET GAMES   ] [..] ...after argument removal, reacting to gym[<@!1>]...
[22/01/2018 - 19:04:38] [RACKNET GAMES   ] [WW] ...failed!
[22/01/2018 - 19:05:10] [RACKNET GAMES   ] [!!] Rackover is talking to me
[22/01/2018 - 19:05:10] [RACKNET GAMES   ] [..] Reacting to [!gym <@!1>] ...
[22/01/2018 - 19:05:10] [RACKNET GAMES   ] [..] ...after argument removal, reacting to gym[<@!1>]...
[22/01/2018 - 19:05:10] [RACKNET GAMES   ] [OK] ...end of interaction